Using pre-set license
Built from '2020.3/staging' branch; Version is '2020.3.20f1 (41c4e627c95f) revision 4310246'; Using compiler version '192528614'; Build Type 'Release'
OS: 'Windows 10 Home; OS build 19042.1237; Version 2009; 64bit' Language: 'en' Physical Memory: 48827 MB
BatchMode: 1, IsHumanControllingUs: 0, StartBugReporterOnCrash: 0, Is64bit: 1, IsPro: 0

COMMAND LINE ARGUMENTS:
C:\Program Files\Unity\Hub\Editor\2020.3.20f1\Editor\Unity.exe
-adb2
-batchMode
-noUpm
-name
AssetImportWorker0
-projectPath
C:/Users/YangD/Documents/Projects/Unity/Commandpattern-Tutorial/Commandpattern-Tutorial
-logFile
Logs/AssetImportWorker0.log
-srvPort
64959
Successfully changed project path to: C:/Users/YangD/Documents/Projects/Unity/Commandpattern-Tutorial/Commandpattern-Tutorial
C:/Users/YangD/Documents/Projects/Unity/Commandpattern-Tutorial/Commandpattern-Tutorial
Using Asset Import Pipeline V2.
Refreshing native plugins compatible for Editor in 34.30 ms, found 2 plugins.
Preloading 0 native plugins for Editor in 0.00 ms.
Initialize engine version: 2020.3.20f1 (41c4e627c95f)
[Subsystems] Discovering subsystems at path C:/Program Files/Unity/Hub/Editor/2020.3.20f1/Editor/Data/Resources/UnitySubsystems
[Subsystems] Discovering subsystems at path C:/Users/YangD/Documents/Projects/Unity/Commandpattern-Tutorial/Commandpattern-Tutorial/Assets
GfxDevice: creating device client; threaded=0
Direct3D:
    Version:  Direct3D 11.0 [level 11.1]
    Renderer: NVIDIA GeForce GTX 1080 Ti (ID=0x1b06)
    Vendor:   
    VRAM:     11127 MB
    Driver:   27.21.14.5671
Initialize mono
Mono path[0] = 'C:/Program Files/Unity/Hub/Editor/2020.3.20f1/Editor/Data/Managed'
Mono path[1] = 'C:/Program Files/Unity/Hub/Editor/2020.3.20f1/Editor/Data/MonoBleedingEdge/lib/mono/unityjit'
Mono config path = 'C:/Program Files/Unity/Hub/Editor/2020.3.20f1/Editor/Data/MonoBleedingEdge/etc'
Using monoOptions --debugger-agent=transport=dt_socket,embedding=1,server=y,suspend=n,address=127.0.0.1:56324
Begin MonoManager ReloadAssembly
Registering precompiled unity dll's ...
Register platform support module: C:/Program Files/Unity/Hub/Editor/2020.3.20f1/Editor/Data/PlaybackEngines/WebGLSupport/UnityEditor.WebGL.Extensions.dll
Register platform support module: C:/Program Files/Unity/Hub/Editor/2020.3.20f1/Editor/Data/PlaybackEngines/WindowsStandaloneSupport/UnityEditor.WindowsStandalone.Extensions.dll
Registered in 0.001312 seconds.
Native extension for WindowsStandalone target not found
Native extension for WebGL target not found
Refreshing native plugins compatible for Editor in 34.63 ms, found 2 plugins.
Preloading 0 native plugins for Editor in 0.00 ms.
Mono: successfully reloaded assembly
- Completed reload, in  1.016 seconds
Domain Reload Profiling:
	ReloadAssembly (1016ms)
		BeginReloadAssembly (33ms)
			ExecutionOrderSort (0ms)
			DisableScriptedObjects (0ms)
			BackupInstance (0ms)
			ReleaseScriptingObjects (0ms)
			CreateAndSetChildDomain (1ms)
		EndReloadAssembly (274ms)
			LoadAssemblies (32ms)
			RebuildTransferFunctionScriptingTraits (0ms)
			SetupTypeCache (90ms)
			ReleaseScriptCaches (0ms)
			RebuildScriptCaches (20ms)
			SetupLoadedEditorAssemblies (119ms)
				LogAssemblyErrors (0ms)
				InitializePlatformSupportModulesInManaged (3ms)
				SetLoadedEditorAssemblies (0ms)
				RefreshPlugins (35ms)
				BeforeProcessingInitializeOnLoad (7ms)
				ProcessInitializeOnLoadAttributes (55ms)
				ProcessInitializeOnLoadMethodAttributes (18ms)
				AfterProcessingInitializeOnLoad (0ms)
				EditorAssembliesLoaded (0ms)
			ExecutionOrderSort2 (0ms)
			AwakeInstancesAfterBackupRestoration (0ms)
Platform modules already initialized, skipping
Registering precompiled user dll's ...
Registered in 0.001818 seconds.
Begin MonoManager ReloadAssembly
Native extension for WindowsStandalone target not found
Native extension for WebGL target not found
Refreshing native plugins compatible for Editor in 37.09 ms, found 2 plugins.
Preloading 0 native plugins for Editor in 0.00 ms.
Mono: successfully reloaded assembly
- Completed reload, in  0.736 seconds
Domain Reload Profiling:
	ReloadAssembly (736ms)
		BeginReloadAssembly (89ms)
			ExecutionOrderSort (0ms)
			DisableScriptedObjects (3ms)
			BackupInstance (0ms)
			ReleaseScriptingObjects (0ms)
			CreateAndSetChildDomain (14ms)
		EndReloadAssembly (608ms)
			LoadAssemblies (55ms)
			RebuildTransferFunctionScriptingTraits (0ms)
			SetupTypeCache (190ms)
			ReleaseScriptCaches (1ms)
			RebuildScriptCaches (33ms)
			SetupLoadedEditorAssemblies (252ms)
				LogAssemblyErrors (0ms)
				InitializePlatformSupportModulesInManaged (3ms)
				SetLoadedEditorAssemblies (0ms)
				RefreshPlugins (37ms)
				BeforeProcessingInitializeOnLoad (50ms)
				ProcessInitializeOnLoadAttributes (155ms)
				ProcessInitializeOnLoadMethodAttributes (3ms)
				AfterProcessingInitializeOnLoad (3ms)
				EditorAssembliesLoaded (0ms)
			ExecutionOrderSort2 (0ms)
			AwakeInstancesAfterBackupRestoration (4ms)
Platform modules already initialized, skipping
========================================================================
Worker process is ready to serve import requests
Launched and connected shader compiler UnityShaderCompiler.exe after 0.03 seconds
Refreshing native plugins compatible for Editor in 0.43 ms, found 2 plugins.
Preloading 0 native plugins for Editor in 0.00 ms.
Unloading 3006 Unused Serialized files (Serialized files now loaded: 0)
System memory in use before: 134.3 MB.
System memory in use after: 134.5 MB.

Unloading 19 unused Assets to reduce memory usage. Loaded Objects now: 3444.
Total: 2.489100 ms (FindLiveObjects: 0.266300 ms CreateObjectMapping: 0.072100 ms MarkObjects: 2.078900 ms  DeleteObjects: 0.070600 ms)

AssetImportParameters requested are different than current active one (requested -> active):
  custom:framework-win-MediaFoundation: 216162199b28c13a410421893ffa2e32 -> 
  custom:video-decoder-ogg-theora: a1e56fd34408186e4bbccfd4996cb3dc -> 
  custom:container-muxer-webm: aa71ff27fc2769a1b78a27578f13a17b -> 
  custom:container-demuxer-webm: 4f35f7cbe854078d1ac9338744f61a02 -> 
  custom:container-demuxer-ogg: 62fdf1f143b41e24485cea50d1cbac27 -> 
  custom:video-encoder-webm-vp8: eb34c28f22e8b96e1ab97ce403110664 -> 
  custom:video-codec-MediaFoundation-h265: 746d11721c4dcdbdad8f713fa42b33f4 -> 
  custom:video-decoder-webm-vp8: 9c59270c3fd7afecdb556c50c9e8de78 -> 
  custom:audio-decoder-ogg-vorbis: bf7c407c2cedff20999df2af8eb42d56 -> 
  custom:audio-encoder-webm-vorbis: bf7c407c2cedff20999df2af8eb42d56 -> 
========================================================================
Received Import Request.
  path: Assets/Scripts
  artifactKey: Guid(02a3527b6b33a924e8ec66aa805ea717) Importer(815301076,1909f56bfc062723c751e8b465ee728b)
Start importing Assets/Scripts using Guid(02a3527b6b33a924e8ec66aa805ea717) Importer(815301076,1909f56bfc062723c751e8b465ee728b)  -> (artifact id: 'f0a913a0049096cde5d6a727232f232f') in 0.008501 seconds 
  Import took 0.012713 seconds .

========================================================================
Received Import Request.
  Time since last request: 0.000283 seconds.
  path: Assets/Scripts/PawnUnit.cs
  artifactKey: Guid(6dd0d770a2ee02c42bcdaab5473913c9) Importer(815301076,1909f56bfc062723c751e8b465ee728b)
Start importing Assets/Scripts/PawnUnit.cs using Guid(6dd0d770a2ee02c42bcdaab5473913c9) Importer(815301076,1909f56bfc062723c751e8b465ee728b)  -> (artifact id: 'acc73b4677136d91d5667ebbab5bcab4') in 0.016235 seconds 
  Import took 0.019734 seconds .

========================================================================
Received Import Request.
  Time since last request: 0.000254 seconds.
  path: Assets/Scripts/UserControl.cs
  artifactKey: Guid(809fb1627c8fd2e40b2eff5cf9ad061d) Importer(815301076,1909f56bfc062723c751e8b465ee728b)
Start importing Assets/Scripts/UserControl.cs using Guid(809fb1627c8fd2e40b2eff5cf9ad061d) Importer(815301076,1909f56bfc062723c751e8b465ee728b)  -> (artifact id: '97127e4cea008af970833c11c308d23d') in 0.005280 seconds 
  Import took 0.008892 seconds .

========================================================================
Received Import Request.
  Time since last request: 0.068048 seconds.
  path: Assets/Scripts/Commands
  artifactKey: Guid(f171180c5e938f941976722d1c088413) Importer(815301076,1909f56bfc062723c751e8b465ee728b)
Start importing Assets/Scripts/Commands using Guid(f171180c5e938f941976722d1c088413) Importer(815301076,1909f56bfc062723c751e8b465ee728b)  -> (artifact id: '713325bea14310af9db45d4c4984ea93') in 0.005424 seconds 
  Import took 0.009395 seconds .

========================================================================
Received Import Request.
  Time since last request: 11.687725 seconds.
  path: Assets/Scripts/CommandManager.cs
  artifactKey: Guid(0b238c35433271841915a83e75a2686f) Importer(815301076,1909f56bfc062723c751e8b465ee728b)
Start importing Assets/Scripts/CommandManager.cs using Guid(0b238c35433271841915a83e75a2686f) Importer(815301076,1909f56bfc062723c751e8b465ee728b)  -> (artifact id: 'ce2b949099654ad4c2e1b098123bda4d') in 0.005122 seconds 
  Import took 0.010148 seconds .

========================================================================
Received Import Request.
  Time since last request: 7.359575 seconds.
  path: Assets/Scripts/Gameboard.cs
  artifactKey: Guid(72288d6aa3775ee46958896bf673d88d) Importer(815301076,1909f56bfc062723c751e8b465ee728b)
Start importing Assets/Scripts/Gameboard.cs using Guid(72288d6aa3775ee46958896bf673d88d) Importer(815301076,1909f56bfc062723c751e8b465ee728b)  -> (artifact id: 'b12c1c315335c2d7c22e8c73517cee4e') in 0.005543 seconds 
  Import took 0.009518 seconds .

========================================================================
Received Import Request.
  Time since last request: 1.697892 seconds.
  path: Assets/Scripts/Unit.cs
  artifactKey: Guid(d4948193f9ecbfb4f9430dec88b00077) Importer(815301076,1909f56bfc062723c751e8b465ee728b)
Start importing Assets/Scripts/Unit.cs using Guid(d4948193f9ecbfb4f9430dec88b00077) Importer(815301076,1909f56bfc062723c751e8b465ee728b)  -> (artifact id: 'c2cd50c54ce97241bdf0de472b156237') in 0.005379 seconds 
  Import took 0.009176 seconds .

========================================================================
Received Import Request.
  Time since last request: 37.967017 seconds.
  path: Assets/Scripts/Commands/MoveCommand.cs
  artifactKey: Guid(ff5257934b247324581d6a738edd5bf2) Importer(815301076,1909f56bfc062723c751e8b465ee728b)
Start importing Assets/Scripts/Commands/MoveCommand.cs using Guid(ff5257934b247324581d6a738edd5bf2) Importer(815301076,1909f56bfc062723c751e8b465ee728b)  -> (artifact id: '63b7cedc71039e43b04ae1cc71817415') in 0.005809 seconds 
  Import took 0.009765 seconds .

========================================================================
Received Import Request.
  Time since last request: 88.698994 seconds.
  path: Assets/Scripts/ICommand.cs
  artifactKey: Guid(34a502dcaebe6854facdf386d759b3b3) Importer(815301076,1909f56bfc062723c751e8b465ee728b)
Start importing Assets/Scripts/ICommand.cs using Guid(34a502dcaebe6854facdf386d759b3b3) Importer(815301076,1909f56bfc062723c751e8b465ee728b)  -> (artifact id: 'e7ee1b6db112d2d38f7673c927f687d2') in 0.005010 seconds 
  Import took 0.009212 seconds .

========================================================================
Received Prepare
Registering precompiled user dll's ...
Registered in 0.002231 seconds.
Begin MonoManager ReloadAssembly
Native extension for WindowsStandalone target not found
Native extension for WebGL target not found
Refreshing native plugins compatible for Editor in 0.43 ms, found 2 plugins.
Preloading 0 native plugins for Editor in 0.00 ms.
Mono: successfully reloaded assembly
- Completed reload, in  0.689 seconds
Domain Reload Profiling:
	ReloadAssembly (689ms)
		BeginReloadAssembly (88ms)
			ExecutionOrderSort (0ms)
			DisableScriptedObjects (3ms)
			BackupInstance (0ms)
			ReleaseScriptingObjects (0ms)
			CreateAndSetChildDomain (27ms)
		EndReloadAssembly (560ms)
			LoadAssemblies (58ms)
			RebuildTransferFunctionScriptingTraits (0ms)
			SetupTypeCache (191ms)
			ReleaseScriptCaches (1ms)
			RebuildScriptCaches (26ms)
			SetupLoadedEditorAssemblies (210ms)
				LogAssemblyErrors (0ms)
				InitializePlatformSupportModulesInManaged (4ms)
				SetLoadedEditorAssemblies (0ms)
				RefreshPlugins (0ms)
				BeforeProcessingInitializeOnLoad (42ms)
				ProcessInitializeOnLoadAttributes (158ms)
				ProcessInitializeOnLoadMethodAttributes (3ms)
				AfterProcessingInitializeOnLoad (3ms)
				EditorAssembliesLoaded (0ms)
			ExecutionOrderSort2 (0ms)
			AwakeInstancesAfterBackupRestoration (6ms)
Platform modules already initialized, skipping
Refreshing native plugins compatible for Editor in 0.43 ms, found 2 plugins.
Preloading 0 native plugins for Editor in 0.00 ms.
Unloading 2898 Unused Serialized files (Serialized files now loaded: 0)
System memory in use before: 127.4 MB.
System memory in use after: 127.6 MB.

Unloading 12 unused Assets to reduce memory usage. Loaded Objects now: 3447.
Total: 2.383700 ms (FindLiveObjects: 0.210800 ms CreateObjectMapping: 0.074400 ms MarkObjects: 2.070100 ms  DeleteObjects: 0.027800 ms)

AssetImportParameters requested are different than current active one (requested -> active):
  custom:framework-win-MediaFoundation: 216162199b28c13a410421893ffa2e32 -> 
  custom:video-decoder-ogg-theora: a1e56fd34408186e4bbccfd4996cb3dc -> 
  custom:container-muxer-webm: aa71ff27fc2769a1b78a27578f13a17b -> 
  custom:container-demuxer-webm: 4f35f7cbe854078d1ac9338744f61a02 -> 
  custom:container-demuxer-ogg: 62fdf1f143b41e24485cea50d1cbac27 -> 
  custom:video-encoder-webm-vp8: eb34c28f22e8b96e1ab97ce403110664 -> 
  custom:video-codec-MediaFoundation-h265: 746d11721c4dcdbdad8f713fa42b33f4 -> 
  custom:video-decoder-webm-vp8: 9c59270c3fd7afecdb556c50c9e8de78 -> 
  custom:audio-decoder-ogg-vorbis: bf7c407c2cedff20999df2af8eb42d56 -> 
  custom:audio-encoder-webm-vorbis: bf7c407c2cedff20999df2af8eb42d56 -> 
========================================================================
Received Prepare
Registering precompiled user dll's ...
Registered in 0.001958 seconds.
Begin MonoManager ReloadAssembly
Native extension for WindowsStandalone target not found
Native extension for WebGL target not found
Refreshing native plugins compatible for Editor in 0.42 ms, found 2 plugins.
Preloading 0 native plugins for Editor in 0.00 ms.
Mono: successfully reloaded assembly
- Completed reload, in  0.654 seconds
Domain Reload Profiling:
	ReloadAssembly (654ms)
		BeginReloadAssembly (84ms)
			ExecutionOrderSort (0ms)
			DisableScriptedObjects (3ms)
			BackupInstance (0ms)
			ReleaseScriptingObjects (0ms)
			CreateAndSetChildDomain (27ms)
		EndReloadAssembly (532ms)
			LoadAssemblies (56ms)
			RebuildTransferFunctionScriptingTraits (0ms)
			SetupTypeCache (179ms)
			ReleaseScriptCaches (1ms)
			RebuildScriptCaches (26ms)
			SetupLoadedEditorAssemblies (200ms)
				LogAssemblyErrors (0ms)
				InitializePlatformSupportModulesInManaged (4ms)
				SetLoadedEditorAssemblies (0ms)
				RefreshPlugins (0ms)
				BeforeProcessingInitializeOnLoad (40ms)
				ProcessInitializeOnLoadAttributes (150ms)
				ProcessInitializeOnLoadMethodAttributes (2ms)
				AfterProcessingInitializeOnLoad (3ms)
				EditorAssembliesLoaded (0ms)
			ExecutionOrderSort2 (0ms)
			AwakeInstancesAfterBackupRestoration (8ms)
Platform modules already initialized, skipping
Refreshing native plugins compatible for Editor in 0.43 ms, found 2 plugins.
Preloading 0 native plugins for Editor in 0.00 ms.
Unloading 2897 Unused Serialized files (Serialized files now loaded: 0)
System memory in use before: 127.4 MB.
System memory in use after: 127.6 MB.

Unloading 13 unused Assets to reduce memory usage. Loaded Objects now: 3448.
Total: 2.370200 ms (FindLiveObjects: 0.206000 ms CreateObjectMapping: 0.072500 ms MarkObjects: 2.071400 ms  DeleteObjects: 0.019400 ms)

AssetImportParameters requested are different than current active one (requested -> active):
  custom:framework-win-MediaFoundation: 216162199b28c13a410421893ffa2e32 -> 
  custom:video-decoder-ogg-theora: a1e56fd34408186e4bbccfd4996cb3dc -> 
  custom:container-muxer-webm: aa71ff27fc2769a1b78a27578f13a17b -> 
  custom:container-demuxer-webm: 4f35f7cbe854078d1ac9338744f61a02 -> 
  custom:container-demuxer-ogg: 62fdf1f143b41e24485cea50d1cbac27 -> 
  custom:video-encoder-webm-vp8: eb34c28f22e8b96e1ab97ce403110664 -> 
  custom:video-codec-MediaFoundation-h265: 746d11721c4dcdbdad8f713fa42b33f4 -> 
  custom:video-decoder-webm-vp8: 9c59270c3fd7afecdb556c50c9e8de78 -> 
  custom:audio-decoder-ogg-vorbis: bf7c407c2cedff20999df2af8eb42d56 -> 
  custom:audio-encoder-webm-vorbis: bf7c407c2cedff20999df2af8eb42d56 -> 
========================================================================
Received Import Request.
  Time since last request: 1784.627546 seconds.
  path: Assets/Scripts/CommandManager.cs
  artifactKey: Guid(0b238c35433271841915a83e75a2686f) Importer(815301076,1909f56bfc062723c751e8b465ee728b)
Start importing Assets/Scripts/CommandManager.cs using Guid(0b238c35433271841915a83e75a2686f) Importer(815301076,1909f56bfc062723c751e8b465ee728b)  -> (artifact id: 'e0cc495607b45d47aea413f84cb7b161') in 0.011421 seconds 
  Import took 0.016232 seconds .

========================================================================
Received Prepare
Registering precompiled user dll's ...
Registered in 0.001907 seconds.
Begin MonoManager ReloadAssembly
Native extension for WindowsStandalone target not found
Native extension for WebGL target not found
Refreshing native plugins compatible for Editor in 0.40 ms, found 2 plugins.
Preloading 0 native plugins for Editor in 0.00 ms.
Mono: successfully reloaded assembly
- Completed reload, in  0.706 seconds
Domain Reload Profiling:
	ReloadAssembly (706ms)
		BeginReloadAssembly (107ms)
			ExecutionOrderSort (0ms)
			DisableScriptedObjects (3ms)
			BackupInstance (0ms)
			ReleaseScriptingObjects (0ms)
			CreateAndSetChildDomain (34ms)
		EndReloadAssembly (555ms)
			LoadAssemblies (70ms)
			RebuildTransferFunctionScriptingTraits (0ms)
			SetupTypeCache (188ms)
			ReleaseScriptCaches (1ms)
			RebuildScriptCaches (26ms)
			SetupLoadedEditorAssemblies (210ms)
				LogAssemblyErrors (0ms)
				InitializePlatformSupportModulesInManaged (4ms)
				SetLoadedEditorAssemblies (0ms)
				RefreshPlugins (0ms)
				BeforeProcessingInitializeOnLoad (45ms)
				ProcessInitializeOnLoadAttributes (154ms)
				ProcessInitializeOnLoadMethodAttributes (2ms)
				AfterProcessingInitializeOnLoad (3ms)
				EditorAssembliesLoaded (0ms)
			ExecutionOrderSort2 (0ms)
			AwakeInstancesAfterBackupRestoration (6ms)
Platform modules already initialized, skipping
Refreshing native plugins compatible for Editor in 0.42 ms, found 2 plugins.
Preloading 0 native plugins for Editor in 0.00 ms.
Unloading 2897 Unused Serialized files (Serialized files now loaded: 0)
System memory in use before: 127.4 MB.
System memory in use after: 127.6 MB.

Unloading 12 unused Assets to reduce memory usage. Loaded Objects now: 3450.
Total: 2.312200 ms (FindLiveObjects: 0.218500 ms CreateObjectMapping: 0.076500 ms MarkObjects: 2.002200 ms  DeleteObjects: 0.014400 ms)

AssetImportParameters requested are different than current active one (requested -> active):
  custom:framework-win-MediaFoundation: 216162199b28c13a410421893ffa2e32 -> 
  custom:video-decoder-ogg-theora: a1e56fd34408186e4bbccfd4996cb3dc -> 
  custom:container-muxer-webm: aa71ff27fc2769a1b78a27578f13a17b -> 
  custom:container-demuxer-webm: 4f35f7cbe854078d1ac9338744f61a02 -> 
  custom:container-demuxer-ogg: 62fdf1f143b41e24485cea50d1cbac27 -> 
  custom:video-encoder-webm-vp8: eb34c28f22e8b96e1ab97ce403110664 -> 
  custom:video-codec-MediaFoundation-h265: 746d11721c4dcdbdad8f713fa42b33f4 -> 
  custom:video-decoder-webm-vp8: 9c59270c3fd7afecdb556c50c9e8de78 -> 
  custom:audio-decoder-ogg-vorbis: bf7c407c2cedff20999df2af8eb42d56 -> 
  custom:audio-encoder-webm-vorbis: bf7c407c2cedff20999df2af8eb42d56 -> 
========================================================================
Received Prepare
Registering precompiled user dll's ...
Registered in 0.001887 seconds.
Begin MonoManager ReloadAssembly
Native extension for WindowsStandalone target not found
Native extension for WebGL target not found
Refreshing native plugins compatible for Editor in 0.43 ms, found 2 plugins.
Preloading 0 native plugins for Editor in 0.00 ms.
Mono: successfully reloaded assembly
- Completed reload, in  0.699 seconds
Domain Reload Profiling:
	ReloadAssembly (699ms)
		BeginReloadAssembly (87ms)
			ExecutionOrderSort (0ms)
			DisableScriptedObjects (3ms)
			BackupInstance (0ms)
			ReleaseScriptingObjects (0ms)
			CreateAndSetChildDomain (25ms)
		EndReloadAssembly (572ms)
			LoadAssemblies (53ms)
			RebuildTransferFunctionScriptingTraits (0ms)
			SetupTypeCache (186ms)
			ReleaseScriptCaches (1ms)
			RebuildScriptCaches (27ms)
			SetupLoadedEditorAssemblies (224ms)
				LogAssemblyErrors (0ms)
				InitializePlatformSupportModulesInManaged (5ms)
				SetLoadedEditorAssemblies (0ms)
				RefreshPlugins (0ms)
				BeforeProcessingInitializeOnLoad (47ms)
				ProcessInitializeOnLoadAttributes (162ms)
				ProcessInitializeOnLoadMethodAttributes (4ms)
				AfterProcessingInitializeOnLoad (5ms)
				EditorAssembliesLoaded (0ms)
			ExecutionOrderSort2 (0ms)
			AwakeInstancesAfterBackupRestoration (7ms)
Platform modules already initialized, skipping
Refreshing native plugins compatible for Editor in 0.42 ms, found 2 plugins.
Preloading 0 native plugins for Editor in 0.00 ms.
Unloading 2897 Unused Serialized files (Serialized files now loaded: 0)
System memory in use before: 127.4 MB.
System memory in use after: 127.7 MB.

Unloading 12 unused Assets to reduce memory usage. Loaded Objects now: 3452.
Total: 2.311500 ms (FindLiveObjects: 0.212100 ms CreateObjectMapping: 0.074800 ms MarkObjects: 2.010600 ms  DeleteObjects: 0.013300 ms)

AssetImportParameters requested are different than current active one (requested -> active):
  custom:framework-win-MediaFoundation: 216162199b28c13a410421893ffa2e32 -> 
  custom:video-decoder-ogg-theora: a1e56fd34408186e4bbccfd4996cb3dc -> 
  custom:container-muxer-webm: aa71ff27fc2769a1b78a27578f13a17b -> 
  custom:container-demuxer-webm: 4f35f7cbe854078d1ac9338744f61a02 -> 
  custom:container-demuxer-ogg: 62fdf1f143b41e24485cea50d1cbac27 -> 
  custom:video-encoder-webm-vp8: eb34c28f22e8b96e1ab97ce403110664 -> 
  custom:video-codec-MediaFoundation-h265: 746d11721c4dcdbdad8f713fa42b33f4 -> 
  custom:video-decoder-webm-vp8: 9c59270c3fd7afecdb556c50c9e8de78 -> 
  custom:audio-decoder-ogg-vorbis: bf7c407c2cedff20999df2af8eb42d56 -> 
  custom:audio-encoder-webm-vorbis: bf7c407c2cedff20999df2af8eb42d56 -> 
========================================================================
Received Import Request.
  Time since last request: 112.965340 seconds.
  path: Assets/Materials/Board.mat
  artifactKey: Guid(12504a164397d8349924bf68aa56916d) Importer(815301076,1909f56bfc062723c751e8b465ee728b)
Start importing Assets/Materials/Board.mat using Guid(12504a164397d8349924bf68aa56916d) Importer(815301076,1909f56bfc062723c751e8b465ee728b)  -> (artifact id: '47f176e1f335d4cc0151d0a6fd984425') in 0.175065 seconds 
  Import took 0.179368 seconds .

========================================================================
Received Import Request.
  Time since last request: 0.000163 seconds.
  path: Assets/Models/CheckerBoard.FBX
  artifactKey: Guid(d58fce5ae7fb5464994a6eae5f50c157) Importer(815301076,1909f56bfc062723c751e8b465ee728b)
Start importing Assets/Models/CheckerBoard.FBX using Guid(d58fce5ae7fb5464994a6eae5f50c157) Importer(815301076,1909f56bfc062723c751e8b465ee728b)  -> (artifact id: 'd4587e9aaea0ac7e81e4ef9a42a07299') in 0.127448 seconds 
  Import took 0.131252 seconds .

========================================================================
Received Import Request.
  Time since last request: 0.000193 seconds.
  path: Assets/Materials/GremDog.mat
  artifactKey: Guid(905f0b53ff738d34fac012cf8a1923f6) Importer(815301076,1909f56bfc062723c751e8b465ee728b)
Start importing Assets/Materials/GremDog.mat using Guid(905f0b53ff738d34fac012cf8a1923f6) Importer(815301076,1909f56bfc062723c751e8b465ee728b)  -> (artifact id: '284c9d58cfe8fd34306fbe65ac0cabef') in 0.262327 seconds 
  Import took 0.266025 seconds .

========================================================================
Received Import Request.
  Time since last request: 0.000207 seconds.
  path: Assets/Prefabs/CheckerBoard Variant.prefab
  artifactKey: Guid(673a871bd997dc54caaa45f541d0091d) Importer(815301076,1909f56bfc062723c751e8b465ee728b)
Start importing Assets/Prefabs/CheckerBoard Variant.prefab using Guid(673a871bd997dc54caaa45f541d0091d) Importer(815301076,1909f56bfc062723c751e8b465ee728b)  -> (artifact id: '668b0faecc500b2bdbbbaaee8929f6cf') in 0.015969 seconds 
  Import took 0.019945 seconds .

========================================================================
Received Import Request.
  Time since last request: 0.000163 seconds.
  path: Assets/Textures/KingBean_Normal.png
  artifactKey: Guid(e09eff8de43805e4297b2bcdf5b56970) Importer(815301076,1909f56bfc062723c751e8b465ee728b)
Start importing Assets/Textures/KingBean_Normal.png using Guid(e09eff8de43805e4297b2bcdf5b56970) Importer(815301076,1909f56bfc062723c751e8b465ee728b)  -> (artifact id: 'f18f4b8743c0d755ea7d2bece1ce2f6d') in 0.023682 seconds 
  Import took 0.027543 seconds .

========================================================================
Received Import Request.
  Time since last request: 0.000157 seconds.
  path: Assets/Textures/KingBeanWhite_Albedo.png
  artifactKey: Guid(e14d4e9aaed45a24d8f78ed963b25acf) Importer(815301076,1909f56bfc062723c751e8b465ee728b)
Start importing Assets/Textures/KingBeanWhite_Albedo.png using Guid(e14d4e9aaed45a24d8f78ed963b25acf) Importer(815301076,1909f56bfc062723c751e8b465ee728b)  -> (artifact id: 'eba17d96341f7899fe47a3577f0595d4') in 0.010784 seconds 
  Import took 0.014328 seconds .

========================================================================
Received Import Request.
  Time since last request: 0.000153 seconds.
  path: Assets/Textures/GremDog_White_Albedo.png
  artifactKey: Guid(63d642872765ae54eac9e5a816d73685) Importer(815301076,1909f56bfc062723c751e8b465ee728b)
Start importing Assets/Textures/GremDog_White_Albedo.png using Guid(63d642872765ae54eac9e5a816d73685) Importer(815301076,1909f56bfc062723c751e8b465ee728b)  -> (artifact id: 'ce09c23a5595120a059cacb8f5296911') in 0.010620 seconds 
  Import took 0.014257 seconds .

========================================================================
Received Import Request.
  Time since last request: 0.000211 seconds.
  path: Assets/Models/GremDog.FBX
  artifactKey: Guid(1f14ce912bf994049b3b7fc109b84ac3) Importer(815301076,1909f56bfc062723c751e8b465ee728b)
Start importing Assets/Models/GremDog.FBX using Guid(1f14ce912bf994049b3b7fc109b84ac3) Importer(815301076,1909f56bfc062723c751e8b465ee728b)  -> (artifact id: 'af38c1adf2169fb2d7e18fa65a503f75') in 0.018333 seconds 
  Import took 0.022167 seconds .

========================================================================
Received Import Request.
  Time since last request: 0.000178 seconds.
  path: Assets/Materials/KingBean.mat
  artifactKey: Guid(8f699b111808a8246a1579a2a8b94e77) Importer(815301076,1909f56bfc062723c751e8b465ee728b)
Start importing Assets/Materials/KingBean.mat using Guid(8f699b111808a8246a1579a2a8b94e77) Importer(815301076,1909f56bfc062723c751e8b465ee728b)  -> (artifact id: 'ecefc7800c8ee770adfaa73fdde4c68e') in 0.181411 seconds 
  Import took 0.184950 seconds .

========================================================================
Received Import Request.
  Time since last request: 0.000305 seconds.
  path: Assets/Models/KingBean.FBX
  artifactKey: Guid(e6e2afe3b42068e4f89f2655e465a920) Importer(815301076,1909f56bfc062723c751e8b465ee728b)
Start importing Assets/Models/KingBean.FBX using Guid(e6e2afe3b42068e4f89f2655e465a920) Importer(815301076,1909f56bfc062723c751e8b465ee728b)  -> (artifact id: 'e0961a3bc31b1665296d53559e953f4a') in 0.013781 seconds 
  Import took 0.017405 seconds .

========================================================================
Received Import Request.
  Time since last request: 0.000283 seconds.
  path: Assets/Textures/KingBean_MetallicSmoothness.png
  artifactKey: Guid(6b2292a2a3e9c1040ba1b28b9d67fcd0) Importer(815301076,1909f56bfc062723c751e8b465ee728b)
Start importing Assets/Textures/KingBean_MetallicSmoothness.png using Guid(6b2292a2a3e9c1040ba1b28b9d67fcd0) Importer(815301076,1909f56bfc062723c751e8b465ee728b)  -> (artifact id: 'd6599f0498db467e55c8250736ad0a13') in 0.009667 seconds 
  Import took 0.013611 seconds .

========================================================================
Received Import Request.
  Time since last request: 0.000166 seconds.
  path: Assets/Textures/CheckerBoard.png
  artifactKey: Guid(1d859e75472e777489eba64ce2626174) Importer(815301076,1909f56bfc062723c751e8b465ee728b)
Start importing Assets/Textures/CheckerBoard.png using Guid(1d859e75472e777489eba64ce2626174) Importer(815301076,1909f56bfc062723c751e8b465ee728b)  -> (artifact id: 'bcbabf957627ca552be51f8ed4b0fe75') in 0.008223 seconds 
  Import took 0.012134 seconds .

========================================================================
Received Import Request.
  Time since last request: 0.000204 seconds.
  path: Assets/Settings/ForwardRenderer.asset
  artifactKey: Guid(4a8e21d5c33334b11b34a596161b9360) Importer(815301076,1909f56bfc062723c751e8b465ee728b)
Start importing Assets/Settings/ForwardRenderer.asset using Guid(4a8e21d5c33334b11b34a596161b9360) Importer(815301076,1909f56bfc062723c751e8b465ee728b)  -> (artifact id: '9d98d6610be0d6884cad775a09931d6d') in 0.006935 seconds 
  Import took 0.010990 seconds .

========================================================================
Received Import Request.
  Time since last request: 0.000251 seconds.
  path: Assets/Models/Flag.FBX
  artifactKey: Guid(8dd56d1e4d1b45e499773b1371a89609) Importer(815301076,1909f56bfc062723c751e8b465ee728b)
Start importing Assets/Models/Flag.FBX using Guid(8dd56d1e4d1b45e499773b1371a89609) Importer(815301076,1909f56bfc062723c751e8b465ee728b)  -> (artifact id: '2b79011afae260ce0157ccf3052a20d1') in 0.024489 seconds 
  Import took 0.028375 seconds .

========================================================================
Received Import Request.
  Time since last request: 0.000282 seconds.
  path: Assets/Textures/GremDog_Normal.png
  artifactKey: Guid(166aa948448bbbb4b9ec9f1da3c04bc1) Importer(815301076,1909f56bfc062723c751e8b465ee728b)
Start importing Assets/Textures/GremDog_Normal.png using Guid(166aa948448bbbb4b9ec9f1da3c04bc1) Importer(815301076,1909f56bfc062723c751e8b465ee728b)  -> (artifact id: 'd5005916d8004e347f528f496d96b4ae') in 0.010703 seconds 
  Import took 0.014498 seconds .

========================================================================
Received Import Request.
  Time since last request: 0.000240 seconds.
  path: Assets/Prefabs/Flag Variant.prefab
  artifactKey: Guid(04ed0aaa09b92aa4f8eed1d0506c2ecf) Importer(815301076,1909f56bfc062723c751e8b465ee728b)
Start importing Assets/Prefabs/Flag Variant.prefab using Guid(04ed0aaa09b92aa4f8eed1d0506c2ecf) Importer(815301076,1909f56bfc062723c751e8b465ee728b)  -> (artifact id: '869cdb20bf5f08f0436d50ee718728d5') in 0.011416 seconds 
  Import took 0.015304 seconds .

========================================================================
Received Import Request.
  Time since last request: 24.713046 seconds.
  path: Assets/Prefabs/MoveDisplay.prefab
  artifactKey: Guid(578a8a34defa9b2469b6fefd69d450fd) Importer(815301076,1909f56bfc062723c751e8b465ee728b)
Start importing Assets/Prefabs/MoveDisplay.prefab using Guid(578a8a34defa9b2469b6fefd69d450fd) Importer(815301076,1909f56bfc062723c751e8b465ee728b)  -> (artifact id: 'c977dc47b0519236fec1e66e0cec9abc') in 0.013233 seconds 
  Import took 0.017642 seconds .

========================================================================
Received Import Request.
  Time since last request: 0.000358 seconds.
  path: Assets/Settings/SampleSceneProfile.asset
  artifactKey: Guid(10fc4df2da32a41aaa32d77bc913491c) Importer(815301076,1909f56bfc062723c751e8b465ee728b)
Start importing Assets/Settings/SampleSceneProfile.asset using Guid(10fc4df2da32a41aaa32d77bc913491c) Importer(815301076,1909f56bfc062723c751e8b465ee728b)  -> (artifact id: '8e032b039bcbd1476593e9ea1649b903') in 0.012019 seconds 
  Import took 0.015763 seconds .

========================================================================
Received Import Request.
  Time since last request: 0.000190 seconds.
  path: Assets/Materials/Selector.mat
  artifactKey: Guid(684cac71b26613d4da501ae85c857b42) Importer(815301076,1909f56bfc062723c751e8b465ee728b)
Start importing Assets/Materials/Selector.mat using Guid(684cac71b26613d4da501ae85c857b42) Importer(815301076,1909f56bfc062723c751e8b465ee728b)  -> (artifact id: '7eda1743cabd3a6913a7865f6e42161c') in 0.012192 seconds 
  Import took 0.016090 seconds .

========================================================================
Received Import Request.
  Time since last request: 0.000200 seconds.
  path: Assets/Materials/MoveDisplay.mat
  artifactKey: Guid(bfb89963fe688d34e891302b41b402c4) Importer(815301076,1909f56bfc062723c751e8b465ee728b)
Start importing Assets/Materials/MoveDisplay.mat using Guid(bfb89963fe688d34e891302b41b402c4) Importer(815301076,1909f56bfc062723c751e8b465ee728b)  -> (artifact id: '621d967c1ad5d210aaa5ad941089383f') in 0.011163 seconds 
  Import took 0.015140 seconds .

========================================================================
Received Import Request.
  Time since last request: 0.000152 seconds.
  path: Assets/Prefabs/Selector.prefab
  artifactKey: Guid(7bb54a6e5f70fdc428f6da6b558b2a39) Importer(815301076,1909f56bfc062723c751e8b465ee728b)
Start importing Assets/Prefabs/Selector.prefab using Guid(7bb54a6e5f70fdc428f6da6b558b2a39) Importer(815301076,1909f56bfc062723c751e8b465ee728b)  -> (artifact id: 'f57de2659692557eb60e83ece913b770') in 0.011607 seconds 
  Import took 0.015610 seconds .

========================================================================
Received Import Request.
  Time since last request: 2.195548 seconds.
  path: Assets/Prefabs/UnitBlack.prefab
  artifactKey: Guid(7da10e61fdb7380459f73bdeda4f064f) Importer(815301076,1909f56bfc062723c751e8b465ee728b)
Start importing Assets/Prefabs/UnitBlack.prefab using Guid(7da10e61fdb7380459f73bdeda4f064f) Importer(815301076,1909f56bfc062723c751e8b465ee728b)  -> (artifact id: '4e37cde7a1e0026d4e0a024889f82f46') in 0.017426 seconds 
  Import took 0.021407 seconds .

========================================================================
Received Import Request.
  Time since last request: 0.000226 seconds.
  path: Assets/Prefabs/UnitWhite.prefab
  artifactKey: Guid(69067d613af48ba4ea6e8d54aaa3d1b7) Importer(815301076,1909f56bfc062723c751e8b465ee728b)
Start importing Assets/Prefabs/UnitWhite.prefab using Guid(69067d613af48ba4ea6e8d54aaa3d1b7) Importer(815301076,1909f56bfc062723c751e8b465ee728b)  -> (artifact id: '7c46a1e36111a828ad0db7fe63dc8605') in 0.015372 seconds 
  Import took 0.018998 seconds .

========================================================================
Received Import Request.
  Time since last request: 0.000229 seconds.
  path: Assets/Settings/UniversalRP-HighQuality.asset
  artifactKey: Guid(19ba41d7c0026c3459d37c2fe90c55a0) Importer(815301076,1909f56bfc062723c751e8b465ee728b)
Start importing Assets/Settings/UniversalRP-HighQuality.asset using Guid(19ba41d7c0026c3459d37c2fe90c55a0) Importer(815301076,1909f56bfc062723c751e8b465ee728b)  -> (artifact id: '904156df7c15703c6e9acb42e4e26ac6') in 0.006401 seconds 
  Import took 0.010255 seconds .

